<?xml version="1.0" encoding="UTF-8"?>
<testng-results ignored="0" total="1" passed="1" failed="0" skipped="0">
  <reporter-output>
  </reporter-output>
  <suite started-at="2023-03-29T16:58:43Z" name="Default suite" finished-at="2023-03-29T16:59:45Z" duration-ms="61937">
    <groups>
    </groups>
    <test started-at="2023-03-29T16:58:43Z" name="Default test" finished-at="2023-03-29T16:59:45Z" duration-ms="61937">
      <class name="Test.Validation">
        <test-method is-config="true" signature="BeforeClass()[pri:0, instance:Test.Validation@4b8ee4de]" started-at="2023-03-29T16:58:43Z" name="BeforeClass" finished-at="2023-03-29T16:58:59Z" duration-ms="16288" status="PASS">
          <reporter-output>
          </reporter-output>
        </test-method> <!-- BeforeClass -->
        <test-method signature="sample()[pri:0, instance:Test.Validation@4b8ee4de]" started-at="2023-03-29T16:58:59Z" name="sample" finished-at="2023-03-29T16:59:44Z" duration-ms="44729" status="PASS">
          <reporter-output>
          </reporter-output>
        </test-method> <!-- sample -->
        <test-method is-config="true" signature="teadDown()[pri:0, instance:Test.Validation@4b8ee4de]" started-at="2023-03-29T16:59:44Z" name="teadDown" finished-at="2023-03-29T16:59:45Z" duration-ms="900" status="PASS">
          <reporter-output>
          </reporter-output>
        </test-method> <!-- teadDown -->
      </class> <!-- Test.Validation -->
    </test> <!-- Default test -->
  </suite> <!-- Default suite -->
</testng-results>
